[START][2025-05-13 08:40:54] LSP logging initiated
[ERROR][2025-05-13 08:40:54] .../lua/vim/lsp.lua:473	"cannot start cssls due to config error: ...ount_nvim.afIFBHn/usr/share/nvim/runtime/lua/vim/lsp.lua:462: cmd: expected expected function or table with executable command, got table: 0x78077eb4f428. Info: vscode-css-language-server is not executable"
[ERROR][2025-05-13 08:40:54] .../lua/vim/lsp.lua:473	"cannot start html due to config error: ...ount_nvim.afIFBHn/usr/share/nvim/runtime/lua/vim/lsp.lua:462: cmd: expected expected function or table with executable command, got table: 0x78077ea69988. Info: vscode-html-language-server is not executable"
[ERROR][2025-05-13 08:40:54] .../lua/vim/lsp.lua:473	"cannot start lua_ls due to config error: ...ount_nvim.afIFBHn/usr/share/nvim/runtime/lua/vim/lsp.lua:462: cmd: expected expected function or table with executable command, got table: 0x78077ea6ef90. Info: lua-language-server is not executable"
[ERROR][2025-05-13 08:41:50] .../lua/vim/lsp.lua:473	"cannot start cssls due to config error: ...ount_nvim.afIFBHn/usr/share/nvim/runtime/lua/vim/lsp.lua:462: cmd: expected expected function or table with executable command, got table: 0x78077eb4f428. Info: vscode-css-language-server is not executable"
[ERROR][2025-05-13 08:41:50] .../lua/vim/lsp.lua:473	"cannot start html due to config error: ...ount_nvim.afIFBHn/usr/share/nvim/runtime/lua/vim/lsp.lua:462: cmd: expected expected function or table with executable command, got table: 0x78077ea69988. Info: vscode-html-language-server is not executable"
[ERROR][2025-05-13 08:41:50] .../lua/vim/lsp.lua:473	"cannot start lua_ls due to config error: ...ount_nvim.afIFBHn/usr/share/nvim/runtime/lua/vim/lsp.lua:462: cmd: expected expected function or table with executable command, got table: 0x78077ea6ef90. Info: lua-language-server is not executable"
[START][2025-05-13 08:42:15] LSP logging initiated
[ERROR][2025-05-13 08:42:15] .../lua/vim/lsp.lua:473	"cannot start cssls due to config error: ...ount_nvim.aEDbeEk/usr/share/nvim/runtime/lua/vim/lsp.lua:462: cmd: expected expected function or table with executable command, got table: 0x7bac8cf415b8. Info: vscode-css-language-server is not executable"
[ERROR][2025-05-13 08:42:15] .../lua/vim/lsp.lua:473	"cannot start html due to config error: ...ount_nvim.aEDbeEk/usr/share/nvim/runtime/lua/vim/lsp.lua:462: cmd: expected expected function or table with executable command, got table: 0x7bac8cf49298. Info: vscode-html-language-server is not executable"
[ERROR][2025-05-13 08:42:15] .../lua/vim/lsp.lua:473	"cannot start lua_ls due to config error: ...ount_nvim.aEDbeEk/usr/share/nvim/runtime/lua/vim/lsp.lua:462: cmd: expected expected function or table with executable command, got table: 0x7bac8cfde3a8. Info: lua-language-server is not executable"
[ERROR][2025-05-13 08:42:51] .../lua/vim/lsp.lua:473	"cannot start cssls due to config error: ...ount_nvim.afIFBHn/usr/share/nvim/runtime/lua/vim/lsp.lua:462: cmd: expected expected function or table with executable command, got table: 0x78077eb4f428. Info: vscode-css-language-server is not executable"
[ERROR][2025-05-13 08:42:51] .../lua/vim/lsp.lua:473	"cannot start html due to config error: ...ount_nvim.afIFBHn/usr/share/nvim/runtime/lua/vim/lsp.lua:462: cmd: expected expected function or table with executable command, got table: 0x78077ea69988. Info: vscode-html-language-server is not executable"
[ERROR][2025-05-13 08:42:51] .../lua/vim/lsp.lua:473	"cannot start lua_ls due to config error: ...ount_nvim.afIFBHn/usr/share/nvim/runtime/lua/vim/lsp.lua:462: cmd: expected expected function or table with executable command, got table: 0x78077ea6ef90. Info: lua-language-server is not executable"
[ERROR][2025-05-13 08:43:17] .../lua/vim/lsp.lua:473	"cannot start cssls due to config error: ...ount_nvim.afIFBHn/usr/share/nvim/runtime/lua/vim/lsp.lua:462: cmd: expected expected function or table with executable command, got table: 0x78077eb4f428. Info: vscode-css-language-server is not executable"
[ERROR][2025-05-13 08:43:17] .../lua/vim/lsp.lua:473	"cannot start html due to config error: ...ount_nvim.afIFBHn/usr/share/nvim/runtime/lua/vim/lsp.lua:462: cmd: expected expected function or table with executable command, got table: 0x78077ea69988. Info: vscode-html-language-server is not executable"
[ERROR][2025-05-13 08:43:17] .../lua/vim/lsp.lua:473	"cannot start lua_ls due to config error: ...ount_nvim.afIFBHn/usr/share/nvim/runtime/lua/vim/lsp.lua:462: cmd: expected expected function or table with executable command, got table: 0x78077ea6ef90. Info: lua-language-server is not executable"
[ERROR][2025-05-13 08:43:22] .../lua/vim/lsp.lua:473	"cannot start cssls due to config error: ...ount_nvim.afIFBHn/usr/share/nvim/runtime/lua/vim/lsp.lua:462: cmd: expected expected function or table with executable command, got table: 0x78077eb4f428. Info: vscode-css-language-server is not executable"
[ERROR][2025-05-13 08:43:22] .../lua/vim/lsp.lua:473	"cannot start html due to config error: ...ount_nvim.afIFBHn/usr/share/nvim/runtime/lua/vim/lsp.lua:462: cmd: expected expected function or table with executable command, got table: 0x78077ea69988. Info: vscode-html-language-server is not executable"
[ERROR][2025-05-13 08:43:22] .../lua/vim/lsp.lua:473	"cannot start lua_ls due to config error: ...ount_nvim.afIFBHn/usr/share/nvim/runtime/lua/vim/lsp.lua:462: cmd: expected expected function or table with executable command, got table: 0x78077ea6ef90. Info: lua-language-server is not executable"
[START][2025-05-13 08:44:31] LSP logging initiated
[ERROR][2025-05-13 08:44:31] .../lua/vim/lsp.lua:473	"cannot start cssls due to config error: ...ount_nvim.anKeoOF/usr/share/nvim/runtime/lua/vim/lsp.lua:462: cmd: expected expected function or table with executable command, got table: 0x76880aa550c8. Info: vscode-css-language-server is not executable"
[ERROR][2025-05-13 08:44:31] .../lua/vim/lsp.lua:473	"cannot start html due to config error: ...ount_nvim.anKeoOF/usr/share/nvim/runtime/lua/vim/lsp.lua:462: cmd: expected expected function or table with executable command, got table: 0x76880aa59480. Info: vscode-html-language-server is not executable"
[ERROR][2025-05-13 08:44:31] .../lua/vim/lsp.lua:473	"cannot start lua_ls due to config error: ...ount_nvim.anKeoOF/usr/share/nvim/runtime/lua/vim/lsp.lua:462: cmd: expected expected function or table with executable command, got table: 0x76880aa5d408. Info: lua-language-server is not executable"
[START][2025-05-13 08:44:52] LSP logging initiated
[ERROR][2025-05-13 08:44:52] .../lua/vim/lsp.lua:473	"cannot start cssls due to config error: ...ount_nvim.aIBoBnG/usr/share/nvim/runtime/lua/vim/lsp.lua:462: cmd: expected expected function or table with executable command, got table: 0x7858f58223b8. Info: vscode-css-language-server is not executable"
[ERROR][2025-05-13 08:44:52] .../lua/vim/lsp.lua:473	"cannot start html due to config error: ...ount_nvim.aIBoBnG/usr/share/nvim/runtime/lua/vim/lsp.lua:462: cmd: expected expected function or table with executable command, got table: 0x7858f5921680. Info: vscode-html-language-server is not executable"
[ERROR][2025-05-13 08:44:52] .../lua/vim/lsp.lua:473	"cannot start lua_ls due to config error: ...ount_nvim.aIBoBnG/usr/share/nvim/runtime/lua/vim/lsp.lua:462: cmd: expected expected function or table with executable command, got table: 0x7858f57f6f08. Info: lua-language-server is not executable"
[ERROR][2025-05-13 08:45:05] .../lua/vim/lsp.lua:473	"cannot start cssls due to config error: ...ount_nvim.aIBoBnG/usr/share/nvim/runtime/lua/vim/lsp.lua:462: cmd: expected expected function or table with executable command, got table: 0x7858f58223b8. Info: vscode-css-language-server is not executable"
[ERROR][2025-05-13 08:45:05] .../lua/vim/lsp.lua:473	"cannot start html due to config error: ...ount_nvim.aIBoBnG/usr/share/nvim/runtime/lua/vim/lsp.lua:462: cmd: expected expected function or table with executable command, got table: 0x7858f5921680. Info: vscode-html-language-server is not executable"
[ERROR][2025-05-13 08:45:05] .../lua/vim/lsp.lua:473	"cannot start lua_ls due to config error: ...ount_nvim.aIBoBnG/usr/share/nvim/runtime/lua/vim/lsp.lua:462: cmd: expected expected function or table with executable command, got table: 0x7858f57f6f08. Info: lua-language-server is not executable"
[ERROR][2025-05-13 08:45:16] .../lua/vim/lsp.lua:473	"cannot start cssls due to config error: ...ount_nvim.aIBoBnG/usr/share/nvim/runtime/lua/vim/lsp.lua:462: cmd: expected expected function or table with executable command, got table: 0x7858f58223b8. Info: vscode-css-language-server is not executable"
[ERROR][2025-05-13 08:45:16] .../lua/vim/lsp.lua:473	"cannot start html due to config error: ...ount_nvim.aIBoBnG/usr/share/nvim/runtime/lua/vim/lsp.lua:462: cmd: expected expected function or table with executable command, got table: 0x7858f5921680. Info: vscode-html-language-server is not executable"
[ERROR][2025-05-13 08:45:16] .../lua/vim/lsp.lua:473	"cannot start lua_ls due to config error: ...ount_nvim.aIBoBnG/usr/share/nvim/runtime/lua/vim/lsp.lua:462: cmd: expected expected function or table with executable command, got table: 0x7858f57f6f08. Info: lua-language-server is not executable"
[ERROR][2025-05-13 08:45:20] .../lua/vim/lsp.lua:473	"cannot start cssls due to config error: ...ount_nvim.aIBoBnG/usr/share/nvim/runtime/lua/vim/lsp.lua:462: cmd: expected expected function or table with executable command, got table: 0x7858f58223b8. Info: vscode-css-language-server is not executable"
[ERROR][2025-05-13 08:45:20] .../lua/vim/lsp.lua:473	"cannot start html due to config error: ...ount_nvim.aIBoBnG/usr/share/nvim/runtime/lua/vim/lsp.lua:462: cmd: expected expected function or table with executable command, got table: 0x7858f5921680. Info: vscode-html-language-server is not executable"
[ERROR][2025-05-13 08:45:20] .../lua/vim/lsp.lua:473	"cannot start lua_ls due to config error: ...ount_nvim.aIBoBnG/usr/share/nvim/runtime/lua/vim/lsp.lua:462: cmd: expected expected function or table with executable command, got table: 0x7858f57f6f08. Info: lua-language-server is not executable"
[ERROR][2025-05-13 08:45:30] .../lua/vim/lsp.lua:473	"cannot start cssls due to config error: ...ount_nvim.aIBoBnG/usr/share/nvim/runtime/lua/vim/lsp.lua:462: cmd: expected expected function or table with executable command, got table: 0x7858f58223b8. Info: vscode-css-language-server is not executable"
[ERROR][2025-05-13 08:45:30] .../lua/vim/lsp.lua:473	"cannot start html due to config error: ...ount_nvim.aIBoBnG/usr/share/nvim/runtime/lua/vim/lsp.lua:462: cmd: expected expected function or table with executable command, got table: 0x7858f5921680. Info: vscode-html-language-server is not executable"
[ERROR][2025-05-13 08:45:30] .../lua/vim/lsp.lua:473	"cannot start lua_ls due to config error: ...ount_nvim.aIBoBnG/usr/share/nvim/runtime/lua/vim/lsp.lua:462: cmd: expected expected function or table with executable command, got table: 0x7858f57f6f08. Info: lua-language-server is not executable"
[ERROR][2025-05-13 08:46:02] .../lua/vim/lsp.lua:473	"cannot start cssls due to config error: ...ount_nvim.anKeoOF/usr/share/nvim/runtime/lua/vim/lsp.lua:462: cmd: expected expected function or table with executable command, got table: 0x76880aa550c8. Info: vscode-css-language-server is not executable"
[ERROR][2025-05-13 08:46:02] .../lua/vim/lsp.lua:473	"cannot start html due to config error: ...ount_nvim.anKeoOF/usr/share/nvim/runtime/lua/vim/lsp.lua:462: cmd: expected expected function or table with executable command, got table: 0x76880aa59480. Info: vscode-html-language-server is not executable"
[ERROR][2025-05-13 08:46:02] .../lua/vim/lsp.lua:473	"cannot start lua_ls due to config error: ...ount_nvim.anKeoOF/usr/share/nvim/runtime/lua/vim/lsp.lua:462: cmd: expected expected function or table with executable command, got table: 0x76880aa5d408. Info: lua-language-server is not executable"
[ERROR][2025-05-13 08:47:45] .../lua/vim/lsp.lua:473	"cannot start cssls due to config error: ...ount_nvim.anKeoOF/usr/share/nvim/runtime/lua/vim/lsp.lua:462: cmd: expected expected function or table with executable command, got table: 0x76880aa550c8. Info: vscode-css-language-server is not executable"
[ERROR][2025-05-13 08:47:45] .../lua/vim/lsp.lua:473	"cannot start html due to config error: ...ount_nvim.anKeoOF/usr/share/nvim/runtime/lua/vim/lsp.lua:462: cmd: expected expected function or table with executable command, got table: 0x76880aa59480. Info: vscode-html-language-server is not executable"
[ERROR][2025-05-13 08:47:45] .../lua/vim/lsp.lua:473	"cannot start lua_ls due to config error: ...ount_nvim.anKeoOF/usr/share/nvim/runtime/lua/vim/lsp.lua:462: cmd: expected expected function or table with executable command, got table: 0x76880aa5d408. Info: lua-language-server is not executable"
[ERROR][2025-05-13 08:48:04] .../lua/vim/lsp.lua:473	"cannot start cssls due to config error: ...ount_nvim.aIBoBnG/usr/share/nvim/runtime/lua/vim/lsp.lua:462: cmd: expected expected function or table with executable command, got table: 0x7858f58223b8. Info: vscode-css-language-server is not executable"
[ERROR][2025-05-13 08:48:04] .../lua/vim/lsp.lua:473	"cannot start html due to config error: ...ount_nvim.aIBoBnG/usr/share/nvim/runtime/lua/vim/lsp.lua:462: cmd: expected expected function or table with executable command, got table: 0x7858f5921680. Info: vscode-html-language-server is not executable"
[ERROR][2025-05-13 08:48:04] .../lua/vim/lsp.lua:473	"cannot start lua_ls due to config error: ...ount_nvim.aIBoBnG/usr/share/nvim/runtime/lua/vim/lsp.lua:462: cmd: expected expected function or table with executable command, got table: 0x7858f57f6f08. Info: lua-language-server is not executable"
[ERROR][2025-05-13 08:49:22] .../lua/vim/lsp.lua:473	"cannot start cssls due to config error: ...ount_nvim.aIBoBnG/usr/share/nvim/runtime/lua/vim/lsp.lua:462: cmd: expected expected function or table with executable command, got table: 0x7858f58223b8. Info: vscode-css-language-server is not executable"
[ERROR][2025-05-13 08:49:22] .../lua/vim/lsp.lua:473	"cannot start html due to config error: ...ount_nvim.aIBoBnG/usr/share/nvim/runtime/lua/vim/lsp.lua:462: cmd: expected expected function or table with executable command, got table: 0x7858f5921680. Info: vscode-html-language-server is not executable"
[ERROR][2025-05-13 08:49:22] .../lua/vim/lsp.lua:473	"cannot start lua_ls due to config error: ...ount_nvim.aIBoBnG/usr/share/nvim/runtime/lua/vim/lsp.lua:462: cmd: expected expected function or table with executable command, got table: 0x7858f57f6f08. Info: lua-language-server is not executable"
[ERROR][2025-05-13 08:50:55] .../lua/vim/lsp.lua:473	"cannot start cssls due to config error: ...ount_nvim.aIBoBnG/usr/share/nvim/runtime/lua/vim/lsp.lua:462: cmd: expected expected function or table with executable command, got table: 0x7858f58223b8. Info: vscode-css-language-server is not executable"
[ERROR][2025-05-13 08:50:55] .../lua/vim/lsp.lua:473	"cannot start html due to config error: ...ount_nvim.aIBoBnG/usr/share/nvim/runtime/lua/vim/lsp.lua:462: cmd: expected expected function or table with executable command, got table: 0x7858f5921680. Info: vscode-html-language-server is not executable"
[ERROR][2025-05-13 08:50:55] .../lua/vim/lsp.lua:473	"cannot start lua_ls due to config error: ...ount_nvim.aIBoBnG/usr/share/nvim/runtime/lua/vim/lsp.lua:462: cmd: expected expected function or table with executable command, got table: 0x7858f57f6f08. Info: lua-language-server is not executable"
[ERROR][2025-05-13 08:51:53] .../lua/vim/lsp.lua:473	"cannot start cssls due to config error: ...ount_nvim.aIBoBnG/usr/share/nvim/runtime/lua/vim/lsp.lua:462: cmd: expected expected function or table with executable command, got table: 0x7858f58223b8. Info: vscode-css-language-server is not executable"
[ERROR][2025-05-13 08:51:53] .../lua/vim/lsp.lua:473	"cannot start html due to config error: ...ount_nvim.aIBoBnG/usr/share/nvim/runtime/lua/vim/lsp.lua:462: cmd: expected expected function or table with executable command, got table: 0x7858f5921680. Info: vscode-html-language-server is not executable"
[ERROR][2025-05-13 08:51:53] .../lua/vim/lsp.lua:473	"cannot start lua_ls due to config error: ...ount_nvim.aIBoBnG/usr/share/nvim/runtime/lua/vim/lsp.lua:462: cmd: expected expected function or table with executable command, got table: 0x7858f57f6f08. Info: lua-language-server is not executable"
[ERROR][2025-05-13 08:52:33] .../lua/vim/lsp.lua:473	"cannot start cssls due to config error: ...ount_nvim.aIBoBnG/usr/share/nvim/runtime/lua/vim/lsp.lua:462: cmd: expected expected function or table with executable command, got table: 0x7858f58223b8. Info: vscode-css-language-server is not executable"
[ERROR][2025-05-13 08:52:33] .../lua/vim/lsp.lua:473	"cannot start html due to config error: ...ount_nvim.aIBoBnG/usr/share/nvim/runtime/lua/vim/lsp.lua:462: cmd: expected expected function or table with executable command, got table: 0x7858f5921680. Info: vscode-html-language-server is not executable"
[ERROR][2025-05-13 08:52:33] .../lua/vim/lsp.lua:473	"cannot start lua_ls due to config error: ...ount_nvim.aIBoBnG/usr/share/nvim/runtime/lua/vim/lsp.lua:462: cmd: expected expected function or table with executable command, got table: 0x7858f57f6f08. Info: lua-language-server is not executable"
[ERROR][2025-05-13 08:53:04] .../lua/vim/lsp.lua:473	"cannot start cssls due to config error: ...ount_nvim.aIBoBnG/usr/share/nvim/runtime/lua/vim/lsp.lua:462: cmd: expected expected function or table with executable command, got table: 0x7858f58223b8. Info: vscode-css-language-server is not executable"
[ERROR][2025-05-13 08:53:04] .../lua/vim/lsp.lua:473	"cannot start html due to config error: ...ount_nvim.aIBoBnG/usr/share/nvim/runtime/lua/vim/lsp.lua:462: cmd: expected expected function or table with executable command, got table: 0x7858f5921680. Info: vscode-html-language-server is not executable"
[ERROR][2025-05-13 08:53:04] .../lua/vim/lsp.lua:473	"cannot start lua_ls due to config error: ...ount_nvim.aIBoBnG/usr/share/nvim/runtime/lua/vim/lsp.lua:462: cmd: expected expected function or table with executable command, got table: 0x7858f57f6f08. Info: lua-language-server is not executable"
[ERROR][2025-05-13 08:53:51] .../lua/vim/lsp.lua:473	"cannot start cssls due to config error: ...ount_nvim.aIBoBnG/usr/share/nvim/runtime/lua/vim/lsp.lua:462: cmd: expected expected function or table with executable command, got table: 0x7858f58223b8. Info: vscode-css-language-server is not executable"
[ERROR][2025-05-13 08:53:51] .../lua/vim/lsp.lua:473	"cannot start html due to config error: ...ount_nvim.aIBoBnG/usr/share/nvim/runtime/lua/vim/lsp.lua:462: cmd: expected expected function or table with executable command, got table: 0x7858f5921680. Info: vscode-html-language-server is not executable"
[ERROR][2025-05-13 08:53:51] .../lua/vim/lsp.lua:473	"cannot start lua_ls due to config error: ...ount_nvim.aIBoBnG/usr/share/nvim/runtime/lua/vim/lsp.lua:462: cmd: expected expected function or table with executable command, got table: 0x7858f57f6f08. Info: lua-language-server is not executable"
[ERROR][2025-05-13 08:55:11] .../lua/vim/lsp.lua:473	"cannot start cssls due to config error: ...ount_nvim.aIBoBnG/usr/share/nvim/runtime/lua/vim/lsp.lua:462: cmd: expected expected function or table with executable command, got table: 0x7858f58223b8. Info: vscode-css-language-server is not executable"
[ERROR][2025-05-13 08:55:11] .../lua/vim/lsp.lua:473	"cannot start html due to config error: ...ount_nvim.aIBoBnG/usr/share/nvim/runtime/lua/vim/lsp.lua:462: cmd: expected expected function or table with executable command, got table: 0x7858f5921680. Info: vscode-html-language-server is not executable"
[ERROR][2025-05-13 08:55:11] .../lua/vim/lsp.lua:473	"cannot start lua_ls due to config error: ...ount_nvim.aIBoBnG/usr/share/nvim/runtime/lua/vim/lsp.lua:462: cmd: expected expected function or table with executable command, got table: 0x7858f57f6f08. Info: lua-language-server is not executable"
[ERROR][2025-05-13 08:55:16] .../lua/vim/lsp.lua:473	"cannot start cssls due to config error: ...ount_nvim.anKeoOF/usr/share/nvim/runtime/lua/vim/lsp.lua:462: cmd: expected expected function or table with executable command, got table: 0x76880aa550c8. Info: vscode-css-language-server is not executable"
[ERROR][2025-05-13 08:55:16] .../lua/vim/lsp.lua:473	"cannot start html due to config error: ...ount_nvim.anKeoOF/usr/share/nvim/runtime/lua/vim/lsp.lua:462: cmd: expected expected function or table with executable command, got table: 0x76880aa59480. Info: vscode-html-language-server is not executable"
[ERROR][2025-05-13 08:55:16] .../lua/vim/lsp.lua:473	"cannot start lua_ls due to config error: ...ount_nvim.anKeoOF/usr/share/nvim/runtime/lua/vim/lsp.lua:462: cmd: expected expected function or table with executable command, got table: 0x76880aa5d408. Info: lua-language-server is not executable"
[ERROR][2025-05-13 08:55:56] .../lua/vim/lsp.lua:473	"cannot start cssls due to config error: ...ount_nvim.aIBoBnG/usr/share/nvim/runtime/lua/vim/lsp.lua:462: cmd: expected expected function or table with executable command, got table: 0x7858f58223b8. Info: vscode-css-language-server is not executable"
[ERROR][2025-05-13 08:55:56] .../lua/vim/lsp.lua:473	"cannot start html due to config error: ...ount_nvim.aIBoBnG/usr/share/nvim/runtime/lua/vim/lsp.lua:462: cmd: expected expected function or table with executable command, got table: 0x7858f5921680. Info: vscode-html-language-server is not executable"
[ERROR][2025-05-13 08:55:56] .../lua/vim/lsp.lua:473	"cannot start lua_ls due to config error: ...ount_nvim.aIBoBnG/usr/share/nvim/runtime/lua/vim/lsp.lua:462: cmd: expected expected function or table with executable command, got table: 0x7858f57f6f08. Info: lua-language-server is not executable"
[ERROR][2025-05-13 08:56:27] .../lua/vim/lsp.lua:473	"cannot start cssls due to config error: ...ount_nvim.anKeoOF/usr/share/nvim/runtime/lua/vim/lsp.lua:462: cmd: expected expected function or table with executable command, got table: 0x76880aa550c8. Info: vscode-css-language-server is not executable"
[ERROR][2025-05-13 08:56:27] .../lua/vim/lsp.lua:473	"cannot start html due to config error: ...ount_nvim.anKeoOF/usr/share/nvim/runtime/lua/vim/lsp.lua:462: cmd: expected expected function or table with executable command, got table: 0x76880aa59480. Info: vscode-html-language-server is not executable"
[ERROR][2025-05-13 08:56:27] .../lua/vim/lsp.lua:473	"cannot start lua_ls due to config error: ...ount_nvim.anKeoOF/usr/share/nvim/runtime/lua/vim/lsp.lua:462: cmd: expected expected function or table with executable command, got table: 0x76880aa5d408. Info: lua-language-server is not executable"
[ERROR][2025-05-13 08:56:37] .../lua/vim/lsp.lua:473	"cannot start cssls due to config error: ...ount_nvim.aIBoBnG/usr/share/nvim/runtime/lua/vim/lsp.lua:462: cmd: expected expected function or table with executable command, got table: 0x7858f58223b8. Info: vscode-css-language-server is not executable"
[ERROR][2025-05-13 08:56:37] .../lua/vim/lsp.lua:473	"cannot start html due to config error: ...ount_nvim.aIBoBnG/usr/share/nvim/runtime/lua/vim/lsp.lua:462: cmd: expected expected function or table with executable command, got table: 0x7858f5921680. Info: vscode-html-language-server is not executable"
[ERROR][2025-05-13 08:56:37] .../lua/vim/lsp.lua:473	"cannot start lua_ls due to config error: ...ount_nvim.aIBoBnG/usr/share/nvim/runtime/lua/vim/lsp.lua:462: cmd: expected expected function or table with executable command, got table: 0x7858f57f6f08. Info: lua-language-server is not executable"
[ERROR][2025-05-13 08:56:50] .../lua/vim/lsp.lua:473	"cannot start cssls due to config error: ...ount_nvim.anKeoOF/usr/share/nvim/runtime/lua/vim/lsp.lua:462: cmd: expected expected function or table with executable command, got table: 0x76880aa550c8. Info: vscode-css-language-server is not executable"
[ERROR][2025-05-13 08:56:50] .../lua/vim/lsp.lua:473	"cannot start html due to config error: ...ount_nvim.anKeoOF/usr/share/nvim/runtime/lua/vim/lsp.lua:462: cmd: expected expected function or table with executable command, got table: 0x76880aa59480. Info: vscode-html-language-server is not executable"
[ERROR][2025-05-13 08:56:50] .../lua/vim/lsp.lua:473	"cannot start lua_ls due to config error: ...ount_nvim.anKeoOF/usr/share/nvim/runtime/lua/vim/lsp.lua:462: cmd: expected expected function or table with executable command, got table: 0x76880aa5d408. Info: lua-language-server is not executable"
[ERROR][2025-05-13 08:57:11] .../lua/vim/lsp.lua:473	"cannot start cssls due to config error: ...ount_nvim.aIBoBnG/usr/share/nvim/runtime/lua/vim/lsp.lua:462: cmd: expected expected function or table with executable command, got table: 0x7858f58223b8. Info: vscode-css-language-server is not executable"
[ERROR][2025-05-13 08:57:11] .../lua/vim/lsp.lua:473	"cannot start html due to config error: ...ount_nvim.aIBoBnG/usr/share/nvim/runtime/lua/vim/lsp.lua:462: cmd: expected expected function or table with executable command, got table: 0x7858f5921680. Info: vscode-html-language-server is not executable"
[ERROR][2025-05-13 08:57:11] .../lua/vim/lsp.lua:473	"cannot start lua_ls due to config error: ...ount_nvim.aIBoBnG/usr/share/nvim/runtime/lua/vim/lsp.lua:462: cmd: expected expected function or table with executable command, got table: 0x7858f57f6f08. Info: lua-language-server is not executable"
[ERROR][2025-05-13 08:57:33] .../lua/vim/lsp.lua:473	"cannot start cssls due to config error: ...ount_nvim.anKeoOF/usr/share/nvim/runtime/lua/vim/lsp.lua:462: cmd: expected expected function or table with executable command, got table: 0x76880aa550c8. Info: vscode-css-language-server is not executable"
[ERROR][2025-05-13 08:57:33] .../lua/vim/lsp.lua:473	"cannot start html due to config error: ...ount_nvim.anKeoOF/usr/share/nvim/runtime/lua/vim/lsp.lua:462: cmd: expected expected function or table with executable command, got table: 0x76880aa59480. Info: vscode-html-language-server is not executable"
[ERROR][2025-05-13 08:57:33] .../lua/vim/lsp.lua:473	"cannot start lua_ls due to config error: ...ount_nvim.anKeoOF/usr/share/nvim/runtime/lua/vim/lsp.lua:462: cmd: expected expected function or table with executable command, got table: 0x76880aa5d408. Info: lua-language-server is not executable"
[ERROR][2025-05-13 08:57:49] .../lua/vim/lsp.lua:473	"cannot start cssls due to config error: ...ount_nvim.aIBoBnG/usr/share/nvim/runtime/lua/vim/lsp.lua:462: cmd: expected expected function or table with executable command, got table: 0x7858f58223b8. Info: vscode-css-language-server is not executable"
[ERROR][2025-05-13 08:57:49] .../lua/vim/lsp.lua:473	"cannot start html due to config error: ...ount_nvim.aIBoBnG/usr/share/nvim/runtime/lua/vim/lsp.lua:462: cmd: expected expected function or table with executable command, got table: 0x7858f5921680. Info: vscode-html-language-server is not executable"
[ERROR][2025-05-13 08:57:49] .../lua/vim/lsp.lua:473	"cannot start lua_ls due to config error: ...ount_nvim.aIBoBnG/usr/share/nvim/runtime/lua/vim/lsp.lua:462: cmd: expected expected function or table with executable command, got table: 0x7858f57f6f08. Info: lua-language-server is not executable"
[ERROR][2025-05-13 08:58:23] .../lua/vim/lsp.lua:473	"cannot start cssls due to config error: ...ount_nvim.aIBoBnG/usr/share/nvim/runtime/lua/vim/lsp.lua:462: cmd: expected expected function or table with executable command, got table: 0x7858f58223b8. Info: vscode-css-language-server is not executable"
[ERROR][2025-05-13 08:58:23] .../lua/vim/lsp.lua:473	"cannot start html due to config error: ...ount_nvim.aIBoBnG/usr/share/nvim/runtime/lua/vim/lsp.lua:462: cmd: expected expected function or table with executable command, got table: 0x7858f5921680. Info: vscode-html-language-server is not executable"
[ERROR][2025-05-13 08:58:23] .../lua/vim/lsp.lua:473	"cannot start lua_ls due to config error: ...ount_nvim.aIBoBnG/usr/share/nvim/runtime/lua/vim/lsp.lua:462: cmd: expected expected function or table with executable command, got table: 0x7858f57f6f08. Info: lua-language-server is not executable"
[ERROR][2025-05-13 08:58:51] .../lua/vim/lsp.lua:473	"cannot start cssls due to config error: ...ount_nvim.aIBoBnG/usr/share/nvim/runtime/lua/vim/lsp.lua:462: cmd: expected expected function or table with executable command, got table: 0x7858f58223b8. Info: vscode-css-language-server is not executable"
[ERROR][2025-05-13 08:58:51] .../lua/vim/lsp.lua:473	"cannot start html due to config error: ...ount_nvim.aIBoBnG/usr/share/nvim/runtime/lua/vim/lsp.lua:462: cmd: expected expected function or table with executable command, got table: 0x7858f5921680. Info: vscode-html-language-server is not executable"
[ERROR][2025-05-13 08:58:51] .../lua/vim/lsp.lua:473	"cannot start lua_ls due to config error: ...ount_nvim.aIBoBnG/usr/share/nvim/runtime/lua/vim/lsp.lua:462: cmd: expected expected function or table with executable command, got table: 0x7858f57f6f08. Info: lua-language-server is not executable"
[ERROR][2025-05-13 08:59:03] .../lua/vim/lsp.lua:473	"cannot start cssls due to config error: ...ount_nvim.aIBoBnG/usr/share/nvim/runtime/lua/vim/lsp.lua:462: cmd: expected expected function or table with executable command, got table: 0x7858f58223b8. Info: vscode-css-language-server is not executable"
[ERROR][2025-05-13 08:59:03] .../lua/vim/lsp.lua:473	"cannot start html due to config error: ...ount_nvim.aIBoBnG/usr/share/nvim/runtime/lua/vim/lsp.lua:462: cmd: expected expected function or table with executable command, got table: 0x7858f5921680. Info: vscode-html-language-server is not executable"
[ERROR][2025-05-13 08:59:03] .../lua/vim/lsp.lua:473	"cannot start lua_ls due to config error: ...ount_nvim.aIBoBnG/usr/share/nvim/runtime/lua/vim/lsp.lua:462: cmd: expected expected function or table with executable command, got table: 0x7858f57f6f08. Info: lua-language-server is not executable"
[ERROR][2025-05-13 08:59:14] .../lua/vim/lsp.lua:473	"cannot start cssls due to config error: ...ount_nvim.anKeoOF/usr/share/nvim/runtime/lua/vim/lsp.lua:462: cmd: expected expected function or table with executable command, got table: 0x76880aa550c8. Info: vscode-css-language-server is not executable"
[ERROR][2025-05-13 08:59:14] .../lua/vim/lsp.lua:473	"cannot start html due to config error: ...ount_nvim.anKeoOF/usr/share/nvim/runtime/lua/vim/lsp.lua:462: cmd: expected expected function or table with executable command, got table: 0x76880aa59480. Info: vscode-html-language-server is not executable"
[ERROR][2025-05-13 08:59:14] .../lua/vim/lsp.lua:473	"cannot start lua_ls due to config error: ...ount_nvim.anKeoOF/usr/share/nvim/runtime/lua/vim/lsp.lua:462: cmd: expected expected function or table with executable command, got table: 0x76880aa5d408. Info: lua-language-server is not executable"
[ERROR][2025-05-13 09:00:22] .../lua/vim/lsp.lua:473	"cannot start cssls due to config error: ...ount_nvim.aIBoBnG/usr/share/nvim/runtime/lua/vim/lsp.lua:462: cmd: expected expected function or table with executable command, got table: 0x7858f58223b8. Info: vscode-css-language-server is not executable"
[ERROR][2025-05-13 09:00:22] .../lua/vim/lsp.lua:473	"cannot start html due to config error: ...ount_nvim.aIBoBnG/usr/share/nvim/runtime/lua/vim/lsp.lua:462: cmd: expected expected function or table with executable command, got table: 0x7858f5921680. Info: vscode-html-language-server is not executable"
[ERROR][2025-05-13 09:00:22] .../lua/vim/lsp.lua:473	"cannot start lua_ls due to config error: ...ount_nvim.aIBoBnG/usr/share/nvim/runtime/lua/vim/lsp.lua:462: cmd: expected expected function or table with executable command, got table: 0x7858f57f6f08. Info: lua-language-server is not executable"
[START][2025-05-13 09:04:59] LSP logging initiated
[ERROR][2025-05-13 09:04:59] .../lua/vim/lsp.lua:473	"cannot start cssls due to config error: ...ount_nvim.adFHJnD/usr/share/nvim/runtime/lua/vim/lsp.lua:462: cmd: expected expected function or table with executable command, got table: 0x7ddf248fa4d0. Info: vscode-css-language-server is not executable"
[ERROR][2025-05-13 09:04:59] .../lua/vim/lsp.lua:473	"cannot start html due to config error: ...ount_nvim.adFHJnD/usr/share/nvim/runtime/lua/vim/lsp.lua:462: cmd: expected expected function or table with executable command, got table: 0x7ddf24959c88. Info: vscode-html-language-server is not executable"
[ERROR][2025-05-13 09:04:59] .../lua/vim/lsp.lua:473	"cannot start lua_ls due to config error: ...ount_nvim.adFHJnD/usr/share/nvim/runtime/lua/vim/lsp.lua:462: cmd: expected expected function or table with executable command, got table: 0x7ddf247f8460. Info: lua-language-server is not executable"
[ERROR][2025-05-13 09:05:17] .../lua/vim/lsp.lua:473	"cannot start cssls due to config error: ...ount_nvim.adFHJnD/usr/share/nvim/runtime/lua/vim/lsp.lua:462: cmd: expected expected function or table with executable command, got table: 0x7ddf248fa4d0. Info: vscode-css-language-server is not executable"
[ERROR][2025-05-13 09:05:17] .../lua/vim/lsp.lua:473	"cannot start html due to config error: ...ount_nvim.adFHJnD/usr/share/nvim/runtime/lua/vim/lsp.lua:462: cmd: expected expected function or table with executable command, got table: 0x7ddf24959c88. Info: vscode-html-language-server is not executable"
[ERROR][2025-05-13 09:05:17] .../lua/vim/lsp.lua:473	"cannot start lua_ls due to config error: ...ount_nvim.adFHJnD/usr/share/nvim/runtime/lua/vim/lsp.lua:462: cmd: expected expected function or table with executable command, got table: 0x7ddf247f8460. Info: lua-language-server is not executable"
[ERROR][2025-05-13 09:05:32] .../lua/vim/lsp.lua:473	"cannot start cssls due to config error: ...ount_nvim.adFHJnD/usr/share/nvim/runtime/lua/vim/lsp.lua:462: cmd: expected expected function or table with executable command, got table: 0x7ddf248fa4d0. Info: vscode-css-language-server is not executable"
[ERROR][2025-05-13 09:05:32] .../lua/vim/lsp.lua:473	"cannot start html due to config error: ...ount_nvim.adFHJnD/usr/share/nvim/runtime/lua/vim/lsp.lua:462: cmd: expected expected function or table with executable command, got table: 0x7ddf24959c88. Info: vscode-html-language-server is not executable"
[ERROR][2025-05-13 09:05:32] .../lua/vim/lsp.lua:473	"cannot start lua_ls due to config error: ...ount_nvim.adFHJnD/usr/share/nvim/runtime/lua/vim/lsp.lua:462: cmd: expected expected function or table with executable command, got table: 0x7ddf247f8460. Info: lua-language-server is not executable"
[ERROR][2025-05-13 09:05:45] .../lua/vim/lsp.lua:473	"cannot start cssls due to config error: ...ount_nvim.adFHJnD/usr/share/nvim/runtime/lua/vim/lsp.lua:462: cmd: expected expected function or table with executable command, got table: 0x7ddf248fa4d0. Info: vscode-css-language-server is not executable"
[ERROR][2025-05-13 09:05:45] .../lua/vim/lsp.lua:473	"cannot start html due to config error: ...ount_nvim.adFHJnD/usr/share/nvim/runtime/lua/vim/lsp.lua:462: cmd: expected expected function or table with executable command, got table: 0x7ddf24959c88. Info: vscode-html-language-server is not executable"
[ERROR][2025-05-13 09:05:45] .../lua/vim/lsp.lua:473	"cannot start lua_ls due to config error: ...ount_nvim.adFHJnD/usr/share/nvim/runtime/lua/vim/lsp.lua:462: cmd: expected expected function or table with executable command, got table: 0x7ddf247f8460. Info: lua-language-server is not executable"
[START][2025-05-13 09:06:24] LSP logging initiated
[ERROR][2025-05-13 09:06:24] .../lua/vim/lsp.lua:473	"cannot start cssls due to config error: ...ount_nvim.aabnckE/usr/share/nvim/runtime/lua/vim/lsp.lua:462: cmd: expected expected function or table with executable command, got table: 0x756c72981bc8. Info: vscode-css-language-server is not executable"
[ERROR][2025-05-13 09:06:24] .../lua/vim/lsp.lua:473	"cannot start html due to config error: ...ount_nvim.aabnckE/usr/share/nvim/runtime/lua/vim/lsp.lua:462: cmd: expected expected function or table with executable command, got table: 0x756c72986b78. Info: vscode-html-language-server is not executable"
[ERROR][2025-05-13 09:06:24] .../lua/vim/lsp.lua:473	"cannot start lua_ls due to config error: ...ount_nvim.aabnckE/usr/share/nvim/runtime/lua/vim/lsp.lua:462: cmd: expected expected function or table with executable command, got table: 0x756c7298a988. Info: lua-language-server is not executable"
