[INFO  wto, 13 maj 2025, 09:07:56] ...zy/mason.nvim/lua/mason-core/installer/InstallRunner.lua:40: Executing installer for Package(name=eslint_d) {
  debug = false,
  force = false,
  strict = false
}
[INFO  wto, 13 maj 2025, 09:07:56] ...zy/mason.nvim/lua/mason-core/installer/InstallRunner.lua:40: Executing installer for Package(name=prettierd) {
  debug = false,
  force = false,
  strict = false
}
[INFO  wto, 13 maj 2025, 09:07:56] ...zy/mason.nvim/lua/mason-core/installer/InstallRunner.lua:40: Executing installer for Package(name=stylua) {
  debug = false,
  force = false,
  strict = false
}
[INFO  wto, 13 maj 2025, 09:07:57] ...zy/mason.nvim/lua/mason-core/installer/InstallRunner.lua:86: Installation succeeded for Package(name=stylua)
[INFO  wto, 13 maj 2025, 09:08:00] ...zy/mason.nvim/lua/mason-core/installer/InstallRunner.lua:86: Installation succeeded for Package(name=eslint_d)
[INFO  wto, 13 maj 2025, 09:08:01] ...zy/mason.nvim/lua/mason-core/installer/InstallRunner.lua:86: Installation succeeded for Package(name=prettierd)
[INFO  wto, 13 maj 2025, 09:08:32] ...zy/mason.nvim/lua/mason-core/installer/InstallRunner.lua:40: Executing installer for Package(name=angular-language-server) {
  debug = false,
  force = false,
  strict = false
}
[INFO  wto, 13 maj 2025, 09:08:34] ...zy/mason.nvim/lua/mason-core/installer/InstallRunner.lua:86: Installation succeeded for Package(name=angular-language-server)
[INFO  wto, 13 maj 2025, 09:08:46] ...zy/mason.nvim/lua/mason-core/installer/InstallRunner.lua:40: Executing installer for Package(name=bash-language-server) {
  debug = false,
  force = false,
  strict = false
}
[INFO  wto, 13 maj 2025, 09:08:48] ...zy/mason.nvim/lua/mason-core/installer/InstallRunner.lua:86: Installation succeeded for Package(name=bash-language-server)
[INFO  wto, 13 maj 2025, 09:09:01] ...zy/mason.nvim/lua/mason-core/installer/InstallRunner.lua:40: Executing installer for Package(name=css-lsp) {
  debug = false,
  force = false,
  strict = false
}
[INFO  wto, 13 maj 2025, 09:09:03] ...zy/mason.nvim/lua/mason-core/installer/InstallRunner.lua:40: Executing installer for Package(name=css-variables-language-server) {
  debug = false,
  force = false,
  strict = false
}
[INFO  wto, 13 maj 2025, 09:09:04] ...zy/mason.nvim/lua/mason-core/installer/InstallRunner.lua:86: Installation succeeded for Package(name=css-lsp)
[INFO  wto, 13 maj 2025, 09:09:07] ...zy/mason.nvim/lua/mason-core/installer/InstallRunner.lua:86: Installation succeeded for Package(name=css-variables-language-server)
[INFO  wto, 13 maj 2025, 09:09:30] ...zy/mason.nvim/lua/mason-core/installer/InstallRunner.lua:40: Executing installer for Package(name=html-lsp) {
  debug = false,
  force = false,
  strict = false
}
[INFO  wto, 13 maj 2025, 09:09:32] ...zy/mason.nvim/lua/mason-core/installer/InstallRunner.lua:86: Installation succeeded for Package(name=html-lsp)
[INFO  wto, 13 maj 2025, 09:09:38] ...zy/mason.nvim/lua/mason-core/installer/InstallRunner.lua:40: Executing installer for Package(name=json-lsp) {
  debug = false,
  force = false,
  strict = false
}
[INFO  wto, 13 maj 2025, 09:09:40] ...zy/mason.nvim/lua/mason-core/installer/InstallRunner.lua:86: Installation succeeded for Package(name=json-lsp)
[INFO  wto, 13 maj 2025, 09:09:51] ...zy/mason.nvim/lua/mason-core/installer/InstallRunner.lua:40: Executing installer for Package(name=lua-language-server) {
  debug = false,
  force = false,
  strict = false
}
[INFO  wto, 13 maj 2025, 09:09:52] ...zy/mason.nvim/lua/mason-core/installer/InstallRunner.lua:86: Installation succeeded for Package(name=lua-language-server)
[INFO  wto, 13 maj 2025, 09:10:24] ...zy/mason.nvim/lua/mason-core/installer/InstallRunner.lua:40: Executing installer for Package(name=typescript-language-server) {
  debug = false,
  force = false,
  strict = false
}
[INFO  wto, 13 maj 2025, 09:10:26] ...zy/mason.nvim/lua/mason-core/installer/InstallRunner.lua:86: Installation succeeded for Package(name=typescript-language-server)
[INFO  wto, 13 maj 2025, 09:10:33] ...zy/mason.nvim/lua/mason-core/installer/InstallRunner.lua:40: Executing installer for Package(name=yaml-language-server) {
  debug = false,
  force = false,
  strict = false
}
[INFO  wto, 13 maj 2025, 09:10:35] ...zy/mason.nvim/lua/mason-core/installer/InstallRunner.lua:86: Installation succeeded for Package(name=yaml-language-server)
